<?xml version="1.0" encoding="UTF-8"?>
<testng-results total="4" passed="3" failed="1" skipped="0">
  <reporter-output>
  </reporter-output>
  <suite started-at="2022-11-23T14:16:15Z" name="Suite" finished-at="2022-11-23T14:16:32Z" duration-ms="17840">
    <groups>
    </groups>
    <test started-at="2022-11-23T14:16:15Z" name="Test" finished-at="2022-11-23T14:16:32Z" duration-ms="17840">
      <class name="test.PhpTravels.SeleTest">
        <test-method is-config="true" signature="setup()[pri:0, instance:test.PhpTravels.SeleTest@f381794]" started-at="2022-11-23T19:46:08Z" name="setup" finished-at="2022-11-23T19:46:15Z" duration-ms="7064" status="PASS">
          <reporter-output>
          </reporter-output>
        </test-method> <!-- setup -->
        <test-method is-config="true" signature="beforeTest()[pri:0, instance:test.PhpTravels.SeleTest@f381794]" started-at="2022-11-23T19:46:15Z" name="beforeTest" finished-at="2022-11-23T19:46:15Z" duration-ms="0" status="PASS">
          <reporter-output>
          </reporter-output>
        </test-method> <!-- beforeTest -->
        <test-method is-config="true" signature="beforeMethod()[pri:0, instance:test.PhpTravels.SeleTest@f381794]" started-at="2022-11-23T19:46:18Z" name="beforeMethod" finished-at="2022-11-23T19:46:18Z" duration-ms="0" status="PASS">
          <reporter-output>
          </reporter-output>
        </test-method> <!-- beforeMethod -->
        <test-method signature="testAppTest()[pri:0, instance:test.PhpTravels.SeleTest@f381794]" started-at="2022-11-23T19:46:18Z" name="testAppTest" finished-at="2022-11-23T19:46:18Z" duration-ms="665" status="PASS">
          <reporter-output>
          </reporter-output>
        </test-method> <!-- testAppTest -->
        <test-method is-config="true" signature="beforeMethod()[pri:0, instance:test.PhpTravels.SeleTest@f381794]" started-at="2022-11-23T19:46:18Z" name="beforeMethod" finished-at="2022-11-23T19:46:18Z" duration-ms="1" status="PASS">
          <reporter-output>
          </reporter-output>
        </test-method> <!-- beforeMethod -->
        <test-method signature="testDemoQA()[pri:0, instance:test.PhpTravels.SeleTest@f381794]" started-at="2022-11-23T19:46:18Z" name="testDemoQA" finished-at="2022-11-23T19:46:29Z" duration-ms="10322" status="FAIL">
          <exception class="java.lang.AssertionError">
            <message>
              <![CDATA[expected [false] but found [true]]]>
            </message>
            <full-stacktrace>
              <![CDATA[java.lang.AssertionError: expected [false] but found [true]
	at org.testng.Assert.fail(Assert.java:89)
	at org.testng.Assert.failNotEquals(Assert.java:489)
	at org.testng.Assert.assertFalse(Assert.java:58)
	at org.testng.Assert.assertFalse(Assert.java:68)
	at test.PhpTravels.SeleTest.testDemoQA(SeleTest.java:33)
	at java.base/jdk.internal.reflect.NativeMethodAccessorImpl.invoke0(Native Method)
	at java.base/jdk.internal.reflect.NativeMethodAccessorImpl.invoke(NativeMethodAccessorImpl.java:77)
	at java.base/jdk.internal.reflect.DelegatingMethodAccessorImpl.invoke(DelegatingMethodAccessorImpl.java:43)
	at java.base/java.lang.reflect.Method.invoke(Method.java:568)
	at org.testng.internal.MethodInvocationHelper.invokeMethod(MethodInvocationHelper.java:80)
	at org.testng.internal.Invoker.invokeMethod(Invoker.java:715)
	at org.testng.internal.Invoker.invokeTestMethod(Invoker.java:907)
	at org.testng.internal.Invoker.invokeTestMethods(Invoker.java:1237)
	at org.testng.internal.TestMethodWorker.invokeTestMethods(TestMethodWorker.java:127)
	at org.testng.internal.TestMethodWorker.run(TestMethodWorker.java:111)
	at org.testng.TestRunner.privateRun(TestRunner.java:767)
	at org.testng.TestRunner.run(TestRunner.java:617)
	at org.testng.SuiteRunner.runTest(SuiteRunner.java:334)
	at org.testng.SuiteRunner.runSequentially(SuiteRunner.java:329)
	at org.testng.SuiteRunner.privateRun(SuiteRunner.java:291)
	at org.testng.SuiteRunner.run(SuiteRunner.java:240)
	at org.testng.SuiteRunnerWorker.runSuite(SuiteRunnerWorker.java:51)
	at org.testng.SuiteRunnerWorker.run(SuiteRunnerWorker.java:85)
	at org.testng.TestNG.runSuitesSequentially(TestNG.java:1197)
	at org.testng.TestNG.runSuitesLocally(TestNG.java:1122)
	at org.testng.TestNG.run(TestNG.java:1030)
	at org.testng.remote.AbstractRemoteTestNG.run(AbstractRemoteTestNG.java:115)
	at org.testng.remote.RemoteTestNG.initAndRun(RemoteTestNG.java:251)
	at org.testng.remote.RemoteTestNG.main(RemoteTestNG.java:77)
]]>
            </full-stacktrace>
          </exception> <!-- java.lang.AssertionError -->
          <reporter-output>
          </reporter-output>
        </test-method> <!-- testDemoQA -->
        <test-method is-config="true" signature="beforeMethod()[pri:0, instance:test.PhpTravels.SeleTest@f381794]" started-at="2022-11-23T19:46:29Z" name="beforeMethod" finished-at="2022-11-23T19:46:29Z" duration-ms="1" status="PASS">
          <reporter-output>
          </reporter-output>
        </test-method> <!-- beforeMethod -->
        <test-method signature="testIrctc(java.lang.String)[pri:0, instance:test.PhpTravels.SeleTest@f381794]" started-at="2022-11-23T19:46:29Z" name="testIrctc" finished-at="2022-11-23T19:46:32Z" duration-ms="3702" status="PASS">
          <params>
            <param index="0">
              <value>
                <![CDATA[https://irctc.com]]>
              </value>
            </param>
          </params>
          <reporter-output>
          </reporter-output>
        </test-method> <!-- testIrctc -->
        <test-method is-config="true" signature="tearDown()[pri:0, instance:test.PhpTravels.SeleTest@f381794]" started-at="2022-11-23T19:46:32Z" name="tearDown" finished-at="2022-11-23T19:46:32Z" duration-ms="108" status="PASS">
          <reporter-output>
          </reporter-output>
        </test-method> <!-- tearDown -->
        <test-method is-config="true" signature="teardown()[pri:0, instance:test.PhpTravels.SeleTest@f381794]" started-at="2022-11-23T19:46:32Z" name="teardown" finished-at="2022-11-23T19:46:33Z" duration-ms="342" status="PASS">
          <reporter-output>
          </reporter-output>
        </test-method> <!-- teardown -->
      </class> <!-- test.PhpTravels.SeleTest -->
      <class name="test.PhpTravels.AppTest">
        <test-method signature="testAppTest()[pri:0, instance:test.PhpTravels.AppTest@2892dae4]" started-at="2022-11-23T19:46:15Z" name="testAppTest" finished-at="2022-11-23T19:46:18Z" duration-ms="2987" status="PASS">
          <reporter-output>
          </reporter-output>
        </test-method> <!-- testAppTest -->
        <test-method is-config="true" signature="beforeMethod()[pri:0, instance:test.PhpTravels.AppTest@2892dae4]" started-at="2022-11-23T19:46:15Z" name="beforeMethod" finished-at="2022-11-23T19:46:15Z" duration-ms="0" status="PASS">
          <reporter-output>
          </reporter-output>
        </test-method> <!-- beforeMethod -->
      </class> <!-- test.PhpTravels.AppTest -->
    </test> <!-- Test -->
  </suite> <!-- Suite -->
</testng-results>
